<?xml version="1.0" encoding="UTF-8"?>
<!-- Generated by org.testng.reporters.JUnitReportReporter -->
<testsuite skipped="0" hostname="pradeepKaranth" name="scripts.TestInvalidLogin$TestInValidLogin" tests="1" failures="0" timestamp="29 Jul 2018 06:40:06 GMT" time="21.174" errors="0">
  <testcase name="testInValidLogin" time="21.174" classname="scripts.TestInvalidLogin$TestInValidLogin"/>
</testsuite> <!-- scripts.TestInvalidLogin$TestInValidLogin -->
