<?xml version="1.0" encoding="UTF-8"?>
<!-- Generated by org.testng.reporters.JUnitReportReporter -->
<testsuite skipped="0" hostname="pradeepKaranth" name="scripts.TestValidLogin" tests="1" failures="0" timestamp="21 Aug 2018 16:21:21 GMT" time="16.414" errors="0">
  <testcase name="testValidLogin" time="16.414" classname="scripts.TestValidLogin"/>
</testsuite> <!-- scripts.TestValidLogin -->
